<?xml version="1.0" encoding="UTF-8"?><testsuite errors="1" failures="0" name="Open Account phisical for web services" skipped="0" tests="1" time="36.41" timestamp="2018-12-04 09:28:54"><testcase name="open account CDT in Finacle for web services"><error message="Currently focused window has been closed.&#10;Build info: version: '3.12.0', revision: '7c6e0b3', time: '2018-05-08T14:04:26.12Z'&#10;System info: host: 'SBMEDLAPBANYM5', ip: '10.25.152.188', os.name: 'Windows 10', os.arch: 'amd64', os.version: '10.0', java.version: '1.8.0_191'&#10;Driver info: org.openqa.selenium.remote.RemoteWebDriver&#10;Capabilities {acceptInsecureCerts: false, browserName: internet explorer, browserVersion: 11, javascriptEnabled: true, pageLoadStrategy: normal, platform: WINDOWS, platformName: WINDOWS, proxy: Proxy(), se:ieOptions: {browserAttachTimeout: 0, elementScrollBehavior: 0, enablePersistentHover: true, ie.browserCommandLineSwitches: , ie.ensureCleanSession: false, ie.fileUploadDialogTimeout: 3000, ie.forceCreateProcessApi: false, ignoreProtectedModeSettings: false, ignoreZoomSetting: false, initialBrowserUrl: http://localhost:47562/, nativeEvents: true, requireWindowFocus: false}, setWindowRect: true, timeouts: {implicit: 0, pageLoad: 300000, script: 30000}}&#10;Session ID: 36e5ef82-0d63-4cfe-9f73-181a563e20b5&#10;*** Element info: {Using=xpath, value=//*[@name='opXml']}" type="java.lang.AssertionError">Currently focused window has been closed.
Build info: version: '3.12.0', revision: '7c6e0b3', time: '2018-05-08T14:04:26.12Z'
System info: host: 'SBMEDLAPBANYM5', ip: '10.25.152.188', os.name: 'Windows 10', os.arch: 'amd64', os.version: '10.0', java.version: '1.8.0_191'
Driver info: org.openqa.selenium.remote.RemoteWebDriver
Capabilities {acceptInsecureCerts: false, browserName: internet explorer, browserVersion: 11, javascriptEnabled: true, pageLoadStrategy: normal, platform: WINDOWS, platformName: WINDOWS, proxy: Proxy(), se:ieOptions: {browserAttachTimeout: 0, elementScrollBehavior: 0, enablePersistentHover: true, ie.browserCommandLineSwitches: , ie.ensureCleanSession: false, ie.fileUploadDialogTimeout: 3000, ie.forceCreateProcessApi: false, ignoreProtectedModeSettings: false, ignoreZoomSetting: false, initialBrowserUrl: http://localhost:47562/, nativeEvents: true, requireWindowFocus: false}, setWindowRect: true, timeouts: {implicit: 0, pageLoad: 300000, script: 30000}}
Session ID: 36e5ef82-0d63-4cfe-9f73-181a563e20b5
*** Element info: {Using=xpath, value=//*[@name='opXml']}</error><system-err>Currently focused window has been closed.
Build info: version: '3.12.0', revision: '7c6e0b3', time: '2018-05-08T14:04:26.12Z'
System info: host: 'SBMEDLAPBANYM5', ip: '10.25.152.188', os.name: 'Windows 10', os.arch: 'amd64', os.version: '10.0', java.version: '1.8.0_191'
Driver info: org.openqa.selenium.remote.RemoteWebDriver
Capabilities {acceptInsecureCerts: false, browserName: internet explorer, browserVersion: 11, javascriptEnabled: true, pageLoadStrategy: normal, platform: WINDOWS, platformName: WINDOWS, proxy: Proxy(), se:ieOptions: {browserAttachTimeout: 0, elementScrollBehavior: 0, enablePersistentHover: true, ie.browserCommandLineSwitches: , ie.ensureCleanSession: false, ie.fileUploadDialogTimeout: 3000, ie.forceCreateProcessApi: false, ignoreProtectedModeSettings: false, ignoreZoomSetting: false, initialBrowserUrl: http://localhost:47562/, nativeEvents: true, requireWindowFocus: false}, setWindowRect: true, timeouts: {implicit: 0, pageLoad: 300000, script: 30000}}
Session ID: 36e5ef82-0d63-4cfe-9f73-181a563e20b5
*** Element info: {Using=xpath, value=//*[@name='opXml']}&#13;
com.bancolombia.soporte.finacle.screenplay.stepdefinitions.OpenCdtPhisicalWebServicesStepDefinitions.heShouldSeeTheCDTForWebServicescreatedSuccessfully(OpenCdtPhisicalWebServicesStepDefinitions.java:62)&#13;
✽.he should see the CDT for web servicescreated successfully(src/test/resources/com/bancolombia/soporte/finacle/features/open_cdt_phisical_web_services.feature:19)&#13;
</system-err></testcase></testsuite>