<?xml version="1.0" encoding="UTF-8"?><testsuite errors="0" failures="1" name="Inquire account CDT for web services" skipped="0" tests="1" time="12.08" timestamp="2018-12-03 04:54:26"><testcase name="consult account CDT in Finacle for web services"><failure message="Expected net.serenitybdd.screenplay.QuestionSubject@4130955c&#10;Expected: is &lt;true&gt;&#10;     but: was &lt;false&gt;" type="java.lang.AssertionError">Expected net.serenitybdd.screenplay.QuestionSubject@4130955c
Expected: is &lt;true&gt;
     but: was &lt;false&gt;</failure><system-err>Expected net.serenitybdd.screenplay.QuestionSubject@4130955c
Expected: is &lt;true&gt;
     but: was &lt;false&gt;&#13;
com.bancolombia.soporte.finacle.screenplay.stepdefinitions.OpenCdtPhisicalWebServicesStepDefinitions.heShouldSeeTheCDTForWebServicescreatedSuccessfully(OpenCdtPhisicalWebServicesStepDefinitions.java:62)&#13;
✽.he should see the CDT for web servicescreated successfully(src/test/resources/com/bancolombia/soporte/finacle/features/Inquire_CDT_web_services.feature:11)&#13;
</system-err></testcase></testsuite>